# JRE version: OpenJDK Runtime Environment (8.0_242-b01) (build 1.8.0_242-release-1644-b01)
# Java VM: OpenJDK 64-Bit Server VM (25.242-b01 mixed mode windows-amd64 compressed oops)
Heap:
 PSYoungGen      total 321024K, used 44154K [0x00000000d5580000, 0x00000000ea500000, 0x0000000100000000)
  eden space 298496K, 7% used [0x00000000d5580000,0x00000000d6aa5d08,0x00000000e7900000)
  from space 22528K, 99% used [0x00000000e7900000,0x00000000e8ef8b08,0x00000000e8f00000)
  to   space 16384K, 0% used [0x00000000e9080000,0x00000000e9080000,0x00000000ea080000)
 ParOldGen       total 230912K, used 39025K [0x0000000080000000, 0x000000008e180000, 0x00000000d5580000)
  object space 230912K, 16% used [0x0000000080000000,0x000000008261c550,0x000000008e180000)
 Metaspace       used 68361K, capacity 71990K, committed 72280K, reserved 1112064K
  class space    used 9414K, capacity 10068K, committed 10112K, reserved 1048576K
GC Heap History (10 events):
Event: 4.843 GC heap before
{Heap before GC invocations=8 (full 2):
 PSYoungGen      total 220672K, used 8805K [0x00000000d5580000, 0x00000000e3c00000, 0x0000000100000000)
  eden space 204800K, 0% used [0x00000000d5580000,0x00000000d5580000,0x00000000e1d80000)
  from space 15872K, 55% used [0x00000000e2c80000,0x00000000e3519680,0x00000000e3c00000)
  to   space 15360K, 0% used [0x00000000e1d80000,0x00000000e1d80000,0x00000000e2c80000)
 ParOldGen       total 98816K, used 10619K [0x0000000080000000, 0x0000000086080000, 0x00000000d5580000)
  object space 98816K, 10% used [0x0000000080000000,0x0000000080a5ec40,0x0000000086080000)
 Metaspace       used 34225K, capacity 35384K, committed 35416K, reserved 1079296K
  class space    used 4712K, capacity 4973K, committed 4992K, reserved 1048576K
Event: 4.888 GC heap after
Heap after GC invocations=8 (full 2):
 PSYoungGen      total 220672K, used 0K [0x00000000d5580000, 0x00000000e3c00000, 0x0000000100000000)
  eden space 204800K, 0% used [0x00000000d5580000,0x00000000d5580000,0x00000000e1d80000)
  from space 15872K, 0% used [0x00000000e2c80000,0x00000000e2c80000,0x00000000e3c00000)
  to   space 15360K, 0% used [0x00000000e1d80000,0x00000000e1d80000,0x00000000e2c80000)
 ParOldGen       total 151040K, used 15208K [0x0000000080000000, 0x0000000089380000, 0x00000000d5580000)
  object space 151040K, 10% used [0x0000000080000000,0x0000000080eda098,0x0000000089380000)
 Metaspace       used 34225K, capacity 35384K, committed 35416K, reserved 1079296K
  class space    used 4712K, capacity 4973K, committed 4992K, reserved 1048576K
}
Event: 6.765 GC heap before
{Heap before GC invocations=9 (full 2):
 PSYoungGen      total 220672K, used 204800K [0x00000000d5580000, 0x00000000e3c00000, 0x0000000100000000)
  eden space 204800K, 100% used [0x00000000d5580000,0x00000000e1d80000,0x00000000e1d80000)
  from space 15872K, 0% used [0x00000000e2c80000,0x00000000e2c80000,0x00000000e3c00000)
  to   space 15360K, 0% used [0x00000000e1d80000,0x00000000e1d80000,0x00000000e2c80000)
 ParOldGen       total 151040K, used 15208K [0x0000000080000000, 0x0000000089380000, 0x00000000d5580000)
  object space 151040K, 10% used [0x0000000080000000,0x0000000080eda098,0x0000000089380000)
 Metaspace       used 43915K, capacity 45788K, committed 46040K, reserved 1089536K
  class space    used 5937K, capacity 6295K, committed 6400K, reserved 1048576K
Event: 6.780 GC heap after
Heap after GC invocations=9 (full 2):
 PSYoungGen      total 220160K, used 13750K [0x00000000d5580000, 0x00000000ea080000, 0x0000000100000000)
  eden space 204800K, 0% used [0x00000000d5580000,0x00000000d5580000,0x00000000e1d80000)
  from space 15360K, 89% used [0x00000000e1d80000,0x00000000e2aed880,0x00000000e2c80000)
  to   space 16384K, 0% used [0x00000000e9080000,0x00000000e9080000,0x00000000ea080000)
 ParOldGen       total 151040K, used 15216K [0x0000000080000000, 0x0000000089380000, 0x00000000d5580000)
  object space 151040K, 10% used [0x0000000080000000,0x0000000080edc098,0x0000000089380000)
 Metaspace       used 43915K, capacity 45788K, committed 46040K, reserved 1089536K
  class space    used 5937K, capacity 6295K, committed 6400K, reserved 1048576K
}
Event: 9.062 GC heap before
{Heap before GC invocations=10 (full 2):
 PSYoungGen      total 220160K, used 174585K [0x00000000d5580000, 0x00000000ea080000, 0x0000000100000000)
  eden space 204800K, 78% used [0x00000000d5580000,0x00000000df290cd0,0x00000000e1d80000)
  from space 15360K, 89% used [0x00000000e1d80000,0x00000000e2aed880,0x00000000e2c80000)
  to   space 16384K, 0% used [0x00000000e9080000,0x00000000e9080000,0x00000000ea080000)
 ParOldGen       total 151040K, used 15216K [0x0000000080000000, 0x0000000089380000, 0x00000000d5580000)
  object space 151040K, 10% used [0x0000000080000000,0x0000000080edc098,0x0000000089380000)
 Metaspace       used 56682K, capacity 59026K, committed 59028K, reserved 1099776K
  class space    used 7693K, capacity 8190K, committed 8192K, reserved 1048576K
Event: 9.080 GC heap after
Heap after GC invocations=10 (full 2):
 PSYoungGen      total 314880K, used 16377K [0x00000000d5580000, 0x00000000ea500000, 0x0000000100000000)
  eden space 298496K, 0% used [0x00000000d5580000,0x00000000d5580000,0x00000000e7900000)
  from space 16384K, 99% used [0x00000000e9080000,0x00000000ea07e508,0x00000000ea080000)
  to   space 22528K, 0% used [0x00000000e7900000,0x00000000e7900000,0x00000000e8f00000)
 ParOldGen       total 151040K, used 24717K [0x0000000080000000, 0x0000000089380000, 0x00000000d5580000)
  object space 151040K, 16% used [0x0000000080000000,0x0000000081823700,0x0000000089380000)
 Metaspace       used 56682K, capacity 59026K, committed 59028K, reserved 1099776K
  class space    used 7693K, capacity 8190K, committed 8192K, reserved 1048576K
}
Event: 9.080 GC heap before
{Heap before GC invocations=11 (full 3):
 PSYoungGen      total 314880K, used 16377K [0x00000000d5580000, 0x00000000ea500000, 0x0000000100000000)
  eden space 298496K, 0% used [0x00000000d5580000,0x00000000d5580000,0x00000000e7900000)
  from space 16384K, 99% used [0x00000000e9080000,0x00000000ea07e508,0x00000000ea080000)
  to   space 22528K, 0% used [0x00000000e7900000,0x00000000e7900000,0x00000000e8f00000)
 ParOldGen       total 151040K, used 24717K [0x0000000080000000, 0x0000000089380000, 0x00000000d5580000)
  object space 151040K, 16% used [0x0000000080000000,0x0000000081823700,0x0000000089380000)
 Metaspace       used 56682K, capacity 59026K, committed 59028K, reserved 1099776K
  class space    used 7693K, capacity 8190K, committed 8192K, reserved 1048576K
Event: 9.322 GC heap after
Heap after GC invocations=11 (full 3):
 PSYoungGen      total 314880K, used 0K [0x00000000d5580000, 0x00000000ea500000, 0x0000000100000000)
  eden space 298496K, 0% used [0x00000000d5580000,0x00000000d5580000,0x00000000e7900000)
  from space 16384K, 0% used [0x00000000e9080000,0x00000000e9080000,0x00000000ea080000)
  to   space 22528K, 0% used [0x00000000e7900000,0x00000000e7900000,0x00000000e8f00000)
 ParOldGen       total 230912K, used 38183K [0x0000000080000000, 0x000000008e180000, 0x00000000d5580000)
  object space 230912K, 16% used [0x0000000080000000,0x0000000082549d78,0x000000008e180000)
 Metaspace       used 56637K, capacity 58876K, committed 59028K, reserved 1099776K
  class space    used 7679K, capacity 8165K, committed 8192K, reserved 1048576K
}
Event: 12.773 GC heap before
{Heap before GC invocations=12 (full 3):
 PSYoungGen      total 314880K, used 298496K [0x00000000d5580000, 0x00000000ea500000, 0x0000000100000000)
  eden space 298496K, 100% used [0x00000000d5580000,0x00000000e7900000,0x00000000e7900000)
  from space 16384K, 0% used [0x00000000e9080000,0x00000000e9080000,0x00000000ea080000)
  to   space 22528K, 0% used [0x00000000e7900000,0x00000000e7900000,0x00000000e8f00000)
 ParOldGen       total 230912K, used 38183K [0x0000000080000000, 0x000000008e180000, 0x00000000d5580000)
  object space 230912K, 16% used [0x0000000080000000,0x0000000082549d78,0x000000008e180000)
 Metaspace       used 68277K, capacity 71904K, committed 72024K, reserved 1112064K
  class space    used 9405K, capacity 10065K, committed 10112K, reserved 1048576K
Event: 12.789 GC heap after
Heap after GC invocations=12 (full 3):
 PSYoungGen      total 321024K, used 22498K [0x00000000d5580000, 0x00000000ea500000, 0x0000000100000000)
  eden space 298496K, 0% used [0x00000000d5580000,0x00000000d5580000,0x00000000e7900000)
  from space 22528K, 99% used [0x00000000e7900000,0x00000000e8ef8b08,0x00000000e8f00000)
  to   space 16384K, 0% used [0x00000000e9080000,0x00000000e9080000,0x00000000ea080000)
 ParOldGen       total 230912K, used 39025K [0x0000000080000000, 0x000000008e180000, 0x00000000d5580000)
  object space 230912K, 16% used [0x0000000080000000,0x000000008261c550,0x000000008e180000)
 Metaspace       used 68277K, capacity 71904K, committed 72024K, reserved 1112064K
  class space    used 9405K, capacity 10065K, committed 10112K, reserved 1048576K
}

